<?xml version="1.0" encoding="UTF-8"?>
<Site BuildName="(empty)"
	BuildStamp="20260513-0640-Experimental"
	Name="(empty)"
	Generator="ctest-4.3.1"
	CompilerName=""
	CompilerVersion=""
	OSName="Windows"
	Hostname="jyk1701"
	OSRelease="10.0.26200"
	OSVersion="Windows 10"
	OSPlatform="AMD64"
	Is64Bits="1"
	VendorString=""
	VendorID="Unknown Manufacturer"
	FamilyID="0"
	ModelID="0"
	ModelName=""
	ProcessorCacheSize="0"
	NumberOfLogicalCPU="8"
	NumberOfPhysicalCPU="4"
	TotalVirtualMemory="8246"
	TotalPhysicalMemory="16060"
	LogicalProcessorsPerPhysical="2"
	ProcessorClockFrequency="2801.000000"
	>
	<Testing>
		<StartDateTime>May 13 16:30 [NON-UTF-8-BYTE-0xB4][NON-UTF-8-BYTE-0xEB][NON-UTF-8-BYTE-0xC7]ѹα[NON-UTF-8-BYTE-0xB9] ǥ[NON-UTF-8-BYTE-0xC1]ؽ[NON-UTF-8-BYTE-0xC3]</StartDateTime>
		<StartTestTime>1778657434</StartTestTime>
		<TestList>
			<Test>./GildedRoseTest.NonameQualityDecreaseDoubleAfterSellIn</Test>
		</TestList>
		<Test Status="passed">
			<Name>GildedRoseTest.NonameQualityDecreaseDoubleAfterSellIn</Name>
			<Path>.</Path>
			<FullName>./GildedRoseTest.NonameQualityDecreaseDoubleAfterSellIn</FullName>
			<FullCommandLine>C:\DEV_BR\GildedRose_06\build\gilded_rose_test.exe "--gtest_filter=GildedRoseTest.NonameQualityDecreaseDoubleAfterSellIn" "--gtest_also_run_disabled_tests"</FullCommandLine>
			<StartTestTime>1778657434.553108</StartTestTime>
			<Results>
				<NamedMeasurement type="numeric/double" name="Execution Time">
					<Value>0.022800</Value>
				</NamedMeasurement>
				<NamedMeasurement type="numeric/double" name="Processors">
					<Value>1</Value>
				</NamedMeasurement>
				<NamedMeasurement type="text/string" name="Completion Status">
					<Value>Completed</Value>
				</NamedMeasurement>
				<NamedMeasurement type="text/string" name="Command Line">
					<Value>C:\DEV_BR\GildedRose_06\build\gilded_rose_test.exe "--gtest_filter=GildedRoseTest.NonameQualityDecreaseDoubleAfterSellIn" "--gtest_also_run_disabled_tests"</Value>
				</NamedMeasurement>
				<NamedMeasurement type="text/string" name="Environment">
					<Value>#CTEST_RESOURCE_GROUP_COUNT=</Value>
				</NamedMeasurement>
				<Measurement>
					<Value encoding="base64" compression="gzip">eJydUMtqwzAQvOsr9hgfbNJLD4Ec0jqYUnBbu+3FCka210YgS0FatfTv60dIk0AhZE/7mJ3dmcxrLXUHvZB6EUBrTQ+PKx5vP8uHjCdSNdhkxmG5vOeVH0peNrh3vDOmU0joKHS2Pin5VI5ZOXJGdc1SQ7iCZILA+zCBVipCC2v4OzD2o9Ro0eObF0rST4y1ReEwNr5SuGmHjRyVetKsWB9jB9lBwR3QRD0qOOTOS8KIFeExdpAoUwk1z1F/SWt0j3rAIoV+fwE+5Tx/lRWQfaQwxe5WGfM6vDzfSgGLJfQuuPbpGQ5kSKiAXecLobBhY74vXP/PbbBCR+d3BpmvmzzfxqNTMzZiv2re0oI=</Value>
				</Measurement>
			</Results>
		</Test>
		<EndDateTime>May 13 16:30 [NON-UTF-8-BYTE-0xB4][NON-UTF-8-BYTE-0xEB][NON-UTF-8-BYTE-0xC7]ѹα[NON-UTF-8-BYTE-0xB9] ǥ[NON-UTF-8-BYTE-0xC1]ؽ[NON-UTF-8-BYTE-0xC3]</EndDateTime>
		<EndTestTime>1778657434</EndTestTime>
		<ElapsedMinutes>0</ElapsedMinutes>
	</Testing>
</Site>
