<?xml version="1.0" encoding="UTF-8"?>
<Site BuildName="(empty)"
	BuildStamp="20260513-0640-Experimental"
	Name="(empty)"
	Generator="ctest-4.3.1"
	CompilerName=""
	CompilerVersion=""
	OSName="Windows"
	Hostname="jyk1701"
	OSRelease="10.0.26200"
	OSVersion="Windows 10"
	OSPlatform="AMD64"
	Is64Bits="1"
	VendorString=""
	VendorID="Unknown Manufacturer"
	FamilyID="0"
	ModelID="0"
	ModelName=""
	ProcessorCacheSize="0"
	NumberOfLogicalCPU="8"
	NumberOfPhysicalCPU="4"
	TotalVirtualMemory="8246"
	TotalPhysicalMemory="16060"
	LogicalProcessorsPerPhysical="2"
	ProcessorClockFrequency="2801.000000"
	>
	<Testing>
		<StartDateTime>May 13 16:59 [NON-UTF-8-BYTE-0xB4][NON-UTF-8-BYTE-0xEB][NON-UTF-8-BYTE-0xC7]ѹα[NON-UTF-8-BYTE-0xB9] ǥ[NON-UTF-8-BYTE-0xC1]ؽ[NON-UTF-8-BYTE-0xC3]</StartDateTime>
		<StartTestTime>1778659191</StartTestTime>
		<TestList>
			<Test>./GildedRoseTest.BackstagePassDropsToZeroAfterConcert</Test>
		</TestList>
		<Test Status="passed">
			<Name>GildedRoseTest.BackstagePassDropsToZeroAfterConcert</Name>
			<Path>.</Path>
			<FullName>./GildedRoseTest.BackstagePassDropsToZeroAfterConcert</FullName>
			<FullCommandLine>C:\DEV_BR\GildedRose_06\build\gilded_rose_test.exe "--gtest_filter=GildedRoseTest.BackstagePassDropsToZeroAfterConcert" "--gtest_also_run_disabled_tests"</FullCommandLine>
			<StartTestTime>1778659191.473909</StartTestTime>
			<Results>
				<NamedMeasurement type="numeric/double" name="Execution Time">
					<Value>0.018339</Value>
				</NamedMeasurement>
				<NamedMeasurement type="numeric/double" name="Processors">
					<Value>1</Value>
				</NamedMeasurement>
				<NamedMeasurement type="text/string" name="Completion Status">
					<Value>Completed</Value>
				</NamedMeasurement>
				<NamedMeasurement type="text/string" name="Command Line">
					<Value>C:\DEV_BR\GildedRose_06\build\gilded_rose_test.exe "--gtest_filter=GildedRoseTest.BackstagePassDropsToZeroAfterConcert" "--gtest_also_run_disabled_tests"</Value>
				</NamedMeasurement>
				<NamedMeasurement type="text/string" name="Environment">
					<Value>#CTEST_RESOURCE_GROUP_COUNT=</Value>
				</NamedMeasurement>
				<Measurement>
					<Value encoding="base64" compression="gzip">eJydULtuwzAM3PUVHOPBRrp0CJAhL3gokAZO2qGWYSg2bQi1RUOi29+vH0EaFygQhBNPPB2PF7XGaFNCrbSZeVBYqmGzkNvde7qOZKirHPOIHKbzZ3luOyjTHBsnS6KyQkbHvrPZDZQD7Lu01wyyTOyJcQHhQIFTN4FCV4wWlvC7oH8P1ir7dKxKPCjntpYad6IPtLQqOvqGTIaWRby8VgLRxf8T8CDc+7/0rtWMgYj9ayUQVnRW1ThH86UtmRpNx0X22+YP+VZzalTEEL3tYajksSPGz/D68pgAzOZQO+9ewyMdmFhVnrgvE0Zl/Zy+zTTx/5IGq0ww3dMdeVgdj7ttn9LIDcQPQJ3Qcg==</Value>
				</Measurement>
			</Results>
		</Test>
		<EndDateTime>May 13 16:59 [NON-UTF-8-BYTE-0xB4][NON-UTF-8-BYTE-0xEB][NON-UTF-8-BYTE-0xC7]ѹα[NON-UTF-8-BYTE-0xB9] ǥ[NON-UTF-8-BYTE-0xC1]ؽ[NON-UTF-8-BYTE-0xC3]</EndDateTime>
		<EndTestTime>1778659191</EndTestTime>
		<ElapsedMinutes>0</ElapsedMinutes>
	</Testing>
</Site>
