Start testing: May 13 17:12 대한민국 표준시
----------------------------------------------------------
9/9 Testing: GildedRoseTest.BackstagePassAbnormalQualityExpiration
9/9 Test: GildedRoseTest.BackstagePassAbnormalQualityExpiration
Command: "C:/DEV_BR/GildedRose_06/build/gilded_rose_test.exe" "--gtest_filter=GildedRoseTest.BackstagePassAbnormalQualityExpiration" "--gtest_also_run_disabled_tests"
Directory: C:/DEV_BR/GildedRose_06/build
"GildedRoseTest.BackstagePassAbnormalQualityExpiration" start time: May 13 17:12 대한민국 표준시
Output:
----------------------------------------------------------
Running main() from C:\DEV_BR\GildedRose_06\build\_deps\googletest-src\googletest\src\gtest_main.cc
Note: Google Test filter = GildedRoseTest.BackstagePassAbnormalQualityExpiration
[==========] Running 1 test from 1 test suite.
[----------] Global test environment set-up.
[----------] 1 test from GildedRoseTest
[ RUN      ] GildedRoseTest.BackstagePassAbnormalQualityExpiration
[       OK ] GildedRoseTest.BackstagePassAbnormalQualityExpiration (0 ms)
[----------] 1 test from GildedRoseTest (0 ms total)

[----------] Global test environment tear-down
[==========] 1 test from 1 test suite ran. (0 ms total)
[  PASSED  ] 1 test.
<end of output>
Test time =   0.02 sec
----------------------------------------------------------
Test Passed.
"GildedRoseTest.BackstagePassAbnormalQualityExpiration" end time: May 13 17:12 대한민국 표준시
"GildedRoseTest.BackstagePassAbnormalQualityExpiration" time elapsed: 00:00:00
----------------------------------------------------------

End testing: May 13 17:12 대한민국 표준시
