Start testing: May 13 16:49 대한민국 표준시
----------------------------------------------------------
7/7 Testing: GildedRoseTest.AgedBrieQualityMax51
7/7 Test: GildedRoseTest.AgedBrieQualityMax51
Command: "C:/DEV_BR/GildedRose_06/build/gilded_rose_test.exe" "--gtest_filter=GildedRoseTest.AgedBrieQualityMax51" "--gtest_also_run_disabled_tests"
Directory: C:/DEV_BR/GildedRose_06/build
"GildedRoseTest.AgedBrieQualityMax51" start time: May 13 16:49 대한민국 표준시
Output:
----------------------------------------------------------
Running main() from C:\DEV_BR\GildedRose_06\build\_deps\googletest-src\googletest\src\gtest_main.cc
Note: Google Test filter = GildedRoseTest.AgedBrieQualityMax51
[==========] Running 1 test from 1 test suite.
[----------] Global test environment set-up.
[----------] 1 test from GildedRoseTest
[ RUN      ] GildedRoseTest.AgedBrieQualityMax51
C:\DEV_BR\GildedRose_06\cpp\test\GildedRoseTest.cpp:78: Failure
Expected equality of these values:
  51
  items[0].quality
    Which is: 50

[  FAILED  ] GildedRoseTest.AgedBrieQualityMax51 (0 ms)
[----------] 1 test from GildedRoseTest (0 ms total)

[----------] Global test environment tear-down
[==========] 1 test from 1 test suite ran. (0 ms total)
[  PASSED  ] 0 tests.
[  FAILED  ] 1 test, listed below:
[  FAILED  ] GildedRoseTest.AgedBrieQualityMax51

 1 FAILED TEST
<end of output>
Test time =   0.02 sec
----------------------------------------------------------
Test Failed.
"GildedRoseTest.AgedBrieQualityMax51" end time: May 13 16:49 대한민국 표준시
"GildedRoseTest.AgedBrieQualityMax51" time elapsed: 00:00:00
----------------------------------------------------------

End testing: May 13 16:49 대한민국 표준시
